[1009/151730.986:ERROR:directory_reader_win.cc(43)] FindFirstFile: The system cannot find the path specified. (0x3)
[1009/171924.386:ERROR:directory_reader_win.cc(43)] FindFirstFile: The system cannot find the path specified. (0x3)
[1010/093711.097:ERROR:directory_reader_win.cc(43)] FindFirstFile: The system cannot find the path specified. (0x3)
[1010/154751.256:ERROR:directory_reader_win.cc(43)] FindFirstFile: The system cannot find the path specified. (0x3)
[1011/154540.589:ERROR:directory_reader_win.cc(43)] FindFirstFile: The system cannot find the path specified. (0x3)
[1012/163512.254:ERROR:directory_reader_win.cc(43)] FindFirstFile: The system cannot find the path specified. (0x3)
[1013/221850.231:ERROR:directory_reader_win.cc(43)] FindFirstFile: The system cannot find the path specified. (0x3)
[1015/154155.560:ERROR:directory_reader_win.cc(43)] FindFirstFile: The system cannot find the path specified. (0x3)
[1016/085007.964:ERROR:directory_reader_win.cc(43)] FindFirstFile: The system cannot find the path specified. (0x3)
[1016/163115.886:ERROR:directory_reader_win.cc(43)] FindFirstFile: The system cannot find the path specified. (0x3)
[1016/221023.369:ERROR:directory_reader_win.cc(43)] FindFirstFile: The system cannot find the path specified. (0x3)
[1017/090922.982:ERROR:directory_reader_win.cc(43)] FindFirstFile: The system cannot find the path specified. (0x3)
[1017/143032.105:ERROR:directory_reader_win.cc(43)] FindFirstFile: The system cannot find the path specified. (0x3)
[1017/202513.093:ERROR:directory_reader_win.cc(43)] FindFirstFile: The system cannot find the path specified. (0x3)
[1017/220824.207:ERROR:directory_reader_win.cc(43)] FindFirstFile: The system cannot find the path specified. (0x3)
[1018/100646.158:ERROR:directory_reader_win.cc(43)] FindFirstFile: The system cannot find the path specified. (0x3)
[1018/124926.894:ERROR:directory_reader_win.cc(43)] FindFirstFile: The system cannot find the path specified. (0x3)
[1018/160608.275:ERROR:directory_reader_win.cc(43)] FindFirstFile: The system cannot find the path specified. (0x3)
[1019/154307.436:ERROR:directory_reader_win.cc(43)] FindFirstFile: The system cannot find the path specified. (0x3)
[1023/122026.671:ERROR:directory_reader_win.cc(43)] FindFirstFile: The system cannot find the path specified. (0x3)
[1024/104134.926:ERROR:directory_reader_win.cc(43)] FindFirstFile: The system cannot find the path specified. (0x3)
[1101/101845.889:ERROR:directory_reader_win.cc(43)] FindFirstFile: The system cannot find the path specified. (0x3)
[1101/163056.088:ERROR:directory_reader_win.cc(43)] FindFirstFile: The system cannot find the path specified. (0x3)
[1101/221725.146:ERROR:directory_reader_win.cc(43)] FindFirstFile: The system cannot find the path specified. (0x3)
[1103/213603.544:ERROR:directory_reader_win.cc(43)] FindFirstFile: The system cannot find the path specified. (0x3)
[1103/224101.440:ERROR:process_reader_win.cc(151)] SuspendThread: Access is denied. (0x5)
[1103/224101.440:ERROR:process_reader_win.cc(151)] SuspendThread: Access is denied. (0x5)
[1103/224101.440:ERROR:process_reader_win.cc(123)] NtOpenThread: {Access Denied} A process has requested access to an object, but has not been granted those access rights. (0xc0000022)
[1103/224101.440:ERROR:exception_snapshot_win.cc(99)] thread ID 41868 not found in process
[1103/224101.448:ERROR:process_reader_win.cc(151)] SuspendThread: Access is denied. (0x5)
[1103/224101.448:ERROR:process_reader_win.cc(151)] SuspendThread: Access is denied. (0x5)
[1103/224101.448:ERROR:process_reader_win.cc(151)] SuspendThread: Access is denied. (0x5)
[1103/224101.448:ERROR:process_reader_win.cc(151)] SuspendThread: Access is denied. (0x5)
[1103/224101.448:ERROR:process_reader_win.cc(151)] SuspendThread: Access is denied. (0x5)
[1103/224101.448:ERROR:process_reader_win.cc(151)] SuspendThread: Access is denied. (0x5)
[1103/224101.448:ERROR:process_reader_win.cc(151)] SuspendThread: Access is denied. (0x5)
[1103/224101.448:ERROR:process_reader_win.cc(151)] SuspendThread: Access is denied. (0x5)
[1103/224101.448:ERROR:process_reader_win.cc(151)] SuspendThread: Access is denied. (0x5)
[1103/224101.448:ERROR:process_reader_win.cc(151)] SuspendThread: Access is denied. (0x5)
[1103/224101.448:ERROR:process_reader_win.cc(151)] SuspendThread: Access is denied. (0x5)
[1103/224101.448:ERROR:process_reader_win.cc(151)] SuspendThread: Access is denied. (0x5)
[1103/224101.448:ERROR:process_reader_win.cc(151)] SuspendThread: Access is denied. (0x5)
[1103/224101.448:ERROR:process_reader_win.cc(151)] SuspendThread: Access is denied. (0x5)
[1103/224101.448:ERROR:process_reader_win.cc(151)] SuspendThread: Access is denied. (0x5)
[1103/224101.448:ERROR:process_reader_win.cc(123)] NtOpenThread: {Access Denied} A process has requested access to an object, but has not been granted those access rights. (0xc0000022)
[1103/224101.448:ERROR:exception_snapshot_win.cc(99)] thread ID 49720 not found in process
[1103/224101.464:ERROR:process_reader_win.cc(151)] SuspendThread: Access is denied. (0x5)
[1103/224101.464:ERROR:process_reader_win.cc(151)] SuspendThread: Access is denied. (0x5)
[1103/224101.464:ERROR:process_reader_win.cc(151)] SuspendThread: Access is denied. (0x5)
[1103/224101.464:ERROR:process_reader_win.cc(151)] SuspendThread: Access is denied. (0x5)
[1103/224101.464:ERROR:process_reader_win.cc(151)] SuspendThread: Access is denied. (0x5)
[1103/224101.464:ERROR:process_reader_win.cc(151)] SuspendThread: Access is denied. (0x5)
[1103/224101.464:ERROR:process_reader_win.cc(151)] SuspendThread: Access is denied. (0x5)
[1103/224101.464:ERROR:process_reader_win.cc(151)] SuspendThread: Access is denied. (0x5)
[1103/224101.464:ERROR:process_reader_win.cc(151)] SuspendThread: Access is denied. (0x5)
[1103/224101.464:ERROR:process_reader_win.cc(151)] SuspendThread: Access is denied. (0x5)
[1103/224101.464:ERROR:process_reader_win.cc(151)] SuspendThread: Access is denied. (0x5)
[1103/224101.464:ERROR:process_reader_win.cc(151)] SuspendThread: Access is denied. (0x5)
[1103/224101.464:ERROR:process_reader_win.cc(151)] SuspendThread: Access is denied. (0x5)
[1103/224101.464:ERROR:process_reader_win.cc(151)] SuspendThread: Access is denied. (0x5)
[1103/224101.464:ERROR:process_reader_win.cc(151)] SuspendThread: Access is denied. (0x5)
[1103/224101.464:ERROR:process_reader_win.cc(123)] NtOpenThread: {Access Denied} A process has requested access to an object, but has not been granted those access rights. (0xc0000022)
[1103/224101.464:ERROR:exception_snapshot_win.cc(99)] thread ID 18504 not found in process
[1103/224101.488:ERROR:process_reader_win.cc(151)] SuspendThread: Access is denied. (0x5)
[1103/224101.488:ERROR:process_reader_win.cc(151)] SuspendThread: Access is denied. (0x5)
[1103/224101.488:ERROR:process_reader_win.cc(151)] SuspendThread: Access is denied. (0x5)
[1103/224101.488:ERROR:process_reader_win.cc(151)] SuspendThread: Access is denied. (0x5)
[1103/224101.488:ERROR:process_reader_win.cc(151)] SuspendThread: Access is denied. (0x5)
[1103/224101.488:ERROR:process_reader_win.cc(151)] SuspendThread: Access is denied. (0x5)
[1103/224101.488:ERROR:process_reader_win.cc(151)] SuspendThread: Access is denied. (0x5)
[1103/224101.488:ERROR:process_reader_win.cc(151)] SuspendThread: Access is denied. (0x5)
[1103/224101.488:ERROR:process_reader_win.cc(151)] SuspendThread: Access is denied. (0x5)
[1103/224101.488:ERROR:process_reader_win.cc(151)] SuspendThread: Access is denied. (0x5)
[1103/224101.488:ERROR:process_reader_win.cc(151)] SuspendThread: Access is denied. (0x5)
[1103/224101.488:ERROR:process_reader_win.cc(151)] SuspendThread: Access is denied. (0x5)
[1103/224101.488:ERROR:process_reader_win.cc(151)] SuspendThread: Access is denied. (0x5)
[1103/224101.488:ERROR:process_reader_win.cc(151)] SuspendThread: Access is denied. (0x5)
[1103/224101.488:ERROR:process_reader_win.cc(151)] SuspendThread: Access is denied. (0x5)
[1103/224101.488:ERROR:process_reader_win.cc(151)] SuspendThread: Access is denied. (0x5)
[1103/224101.488:ERROR:process_reader_win.cc(123)] NtOpenThread: {Access Denied} A process has requested access to an object, but has not been granted those access rights. (0xc0000022)
[1103/224101.488:ERROR:exception_snapshot_win.cc(99)] thread ID 22068 not found in process
[1103/224101.504:ERROR:process_reader_win.cc(151)] SuspendThread: Access is denied. (0x5)
[1103/224101.504:ERROR:process_reader_win.cc(151)] SuspendThread: Access is denied. (0x5)
[1103/224101.504:ERROR:process_reader_win.cc(151)] SuspendThread: Access is denied. (0x5)
[1103/224101.504:ERROR:process_reader_win.cc(151)] SuspendThread: Access is denied. (0x5)
[1103/224101.504:ERROR:process_reader_win.cc(151)] SuspendThread: Access is denied. (0x5)
[1103/224101.504:ERROR:process_reader_win.cc(151)] SuspendThread: Access is denied. (0x5)
[1103/224101.504:ERROR:process_reader_win.cc(151)] SuspendThread: Access is denied. (0x5)
[1103/224101.504:ERROR:process_reader_win.cc(151)] SuspendThread: Access is denied. (0x5)
[1103/224101.504:ERROR:process_reader_win.cc(151)] SuspendThread: Access is denied. (0x5)
[1103/224101.504:ERROR:process_reader_win.cc(151)] SuspendThread: Access is denied. (0x5)
[1103/224101.504:ERROR:process_reader_win.cc(151)] SuspendThread: Access is denied. (0x5)
[1103/224101.504:ERROR:process_reader_win.cc(151)] SuspendThread: Access is denied. (0x5)
[1103/224101.504:ERROR:process_reader_win.cc(151)] SuspendThread: Access is denied. (0x5)
[1103/224101.504:ERROR:process_reader_win.cc(151)] SuspendThread: Access is denied. (0x5)
[1103/224101.504:ERROR:process_reader_win.cc(151)] SuspendThread: Access is denied. (0x5)
[1103/224101.504:ERROR:process_reader_win.cc(151)] SuspendThread: Access is denied. (0x5)
[1103/224101.504:ERROR:process_reader_win.cc(151)] SuspendThread: Access is denied. (0x5)
[1103/224101.512:ERROR:process_reader_win.cc(123)] NtOpenThread: {Access Denied} A process has requested access to an object, but has not been granted those access rights. (0xc0000022)
[1103/224101.512:ERROR:exception_snapshot_win.cc(99)] thread ID 28660 not found in process
[1103/224101.512:ERROR:process_reader_win.cc(151)] SuspendThread: Access is denied. (0x5)
[1103/224101.512:ERROR:process_reader_win.cc(151)] SuspendThread: Access is denied. (0x5)
[1103/224101.512:ERROR:process_reader_win.cc(151)] SuspendThread: Access is denied. (0x5)
[1103/224101.512:ERROR:process_reader_win.cc(151)] SuspendThread: Access is denied. (0x5)
[1103/224101.512:ERROR:process_reader_win.cc(151)] SuspendThread: Access is denied. (0x5)
[1103/224101.512:ERROR:process_reader_win.cc(151)] SuspendThread: Access is denied. (0x5)
[1103/224101.512:ERROR:process_reader_win.cc(151)] SuspendThread: Access is denied. (0x5)
[1103/224101.512:ERROR:process_reader_win.cc(151)] SuspendThread: Access is denied. (0x5)
[1103/224101.512:ERROR:process_reader_win.cc(151)] SuspendThread: Access is denied. (0x5)
[1103/224101.512:ERROR:process_reader_win.cc(151)] SuspendThread: Access is denied. (0x5)
[1103/224101.512:ERROR:process_reader_win.cc(151)] SuspendThread: Access is denied. (0x5)
[1103/224101.512:ERROR:process_reader_win.cc(151)] SuspendThread: Access is denied. (0x5)
[1103/224101.512:ERROR:process_reader_win.cc(151)] SuspendThread: Access is denied. (0x5)
[1103/224101.512:ERROR:process_reader_win.cc(151)] SuspendThread: Access is denied. (0x5)
[1103/224101.512:ERROR:process_reader_win.cc(151)] SuspendThread: Access is denied. (0x5)
[1103/224101.512:ERROR:process_reader_win.cc(123)] NtOpenThread: {Access Denied} A process has requested access to an object, but has not been granted those access rights. (0xc0000022)
[1103/224101.512:ERROR:exception_snapshot_win.cc(99)] thread ID 21456 not found in process
[1103/224101.520:ERROR:process_reader_win.cc(151)] SuspendThread: Access is denied. (0x5)
[1103/224101.520:ERROR:process_reader_win.cc(151)] SuspendThread: Access is denied. (0x5)
[1103/224101.520:ERROR:process_reader_win.cc(151)] SuspendThread: Access is denied. (0x5)
[1103/224101.520:ERROR:process_reader_win.cc(151)] SuspendThread: Access is denied. (0x5)
[1103/224101.520:ERROR:process_reader_win.cc(151)] SuspendThread: Access is denied. (0x5)
[1103/224101.520:ERROR:process_reader_win.cc(151)] SuspendThread: Access is denied. (0x5)
[1103/224101.520:ERROR:process_reader_win.cc(151)] SuspendThread: Access is denied. (0x5)
[1103/224101.520:ERROR:process_reader_win.cc(151)] SuspendThread: Access is denied. (0x5)
[1103/224101.520:ERROR:process_reader_win.cc(151)] SuspendThread: Access is denied. (0x5)
[1103/224101.520:ERROR:process_reader_win.cc(151)] SuspendThread: Access is denied. (0x5)
[1103/224101.520:ERROR:process_reader_win.cc(151)] SuspendThread: Access is denied. (0x5)
[1103/224101.520:ERROR:process_reader_win.cc(151)] SuspendThread: Access is denied. (0x5)
[1103/224101.520:ERROR:process_reader_win.cc(151)] SuspendThread: Access is denied. (0x5)
[1103/224101.520:ERROR:process_reader_win.cc(151)] SuspendThread: Access is denied. (0x5)
[1103/224101.520:ERROR:process_reader_win.cc(151)] SuspendThread: Access is denied. (0x5)
[1103/224101.520:ERROR:process_reader_win.cc(123)] NtOpenThread: {Access Denied} A process has requested access to an object, but has not been granted those access rights. (0xc0000022)
[1103/224101.520:ERROR:exception_snapshot_win.cc(99)] thread ID 42460 not found in process
[1103/224101.512:ERROR:process_reader_win.cc(123)] NtOpenThread: {Access Denied} A process has requested access to an object, but has not been granted those access rights. (0xc0000022)
[1103/224101.520:ERROR:exception_snapshot_win.cc(99)] thread ID 39748 not found in process
[1103/224101.563:ERROR:process_reader_win.cc(151)] SuspendThread: Access is denied. (0x5)
[1103/224101.563:ERROR:process_reader_win.cc(151)] SuspendThread: Access is denied. (0x5)
[1103/224101.563:ERROR:process_reader_win.cc(151)] SuspendThread: Access is denied. (0x5)
[1103/224101.563:ERROR:process_reader_win.cc(151)] SuspendThread: Access is denied. (0x5)
[1103/224101.563:ERROR:process_reader_win.cc(151)] SuspendThread: Access is denied. (0x5)
[1103/224101.563:ERROR:process_reader_win.cc(151)] SuspendThread: Access is denied. (0x5)
[1103/224101.563:ERROR:process_reader_win.cc(151)] SuspendThread: Access is denied. (0x5)
[1103/224101.563:ERROR:process_reader_win.cc(151)] SuspendThread: Access is denied. (0x5)
[1103/224101.564:ERROR:process_reader_win.cc(151)] SuspendThread: Access is denied. (0x5)
[1103/224101.564:ERROR:process_reader_win.cc(151)] SuspendThread: Access is denied. (0x5)
[1103/224101.564:ERROR:process_reader_win.cc(151)] SuspendThread: Access is denied. (0x5)
[1103/224101.564:ERROR:process_reader_win.cc(151)] SuspendThread: Access is denied. (0x5)
[1103/224101.564:ERROR:process_reader_win.cc(151)] SuspendThread: Access is denied. (0x5)
[1103/224101.564:ERROR:process_reader_win.cc(151)] SuspendThread: Access is denied. (0x5)
[1103/224101.564:ERROR:process_reader_win.cc(151)] SuspendThread: Access is denied. (0x5)
[1103/224101.564:ERROR:process_reader_win.cc(151)] SuspendThread: Access is denied. (0x5)
[1103/224101.564:ERROR:process_reader_win.cc(151)] SuspendThread: Access is denied. (0x5)
[1103/224101.564:ERROR:process_reader_win.cc(151)] SuspendThread: Access is denied. (0x5)
[1103/224101.564:ERROR:process_reader_win.cc(151)] SuspendThread: Access is denied. (0x5)
[1103/224101.564:ERROR:process_reader_win.cc(151)] SuspendThread: Access is denied. (0x5)
[1103/224101.564:ERROR:process_reader_win.cc(151)] SuspendThread: Access is denied. (0x5)
[1103/224101.564:ERROR:process_reader_win.cc(151)] SuspendThread: Access is denied. (0x5)
[1103/224101.564:ERROR:process_reader_win.cc(151)] SuspendThread: Access is denied. (0x5)
[1103/224101.564:ERROR:process_reader_win.cc(151)] SuspendThread: Access is denied. (0x5)
[1103/224101.564:ERROR:process_reader_win.cc(151)] SuspendThread: Access is denied. (0x5)
[1103/224101.564:ERROR:process_reader_win.cc(151)] SuspendThread: Access is denied. (0x5)
[1103/224101.564:ERROR:process_reader_win.cc(151)] SuspendThread: Access is denied. (0x5)
[1103/224101.564:ERROR:process_reader_win.cc(151)] SuspendThread: Access is denied. (0x5)
[1103/224101.564:ERROR:process_reader_win.cc(151)] SuspendThread: Access is denied. (0x5)
[1103/224101.564:ERROR:process_reader_win.cc(151)] SuspendThread: Access is denied. (0x5)
[1103/224101.564:ERROR:process_reader_win.cc(151)] SuspendThread: Access is denied. (0x5)
[1103/224101.564:ERROR:process_reader_win.cc(123)] NtOpenThread: {Access Denied} A process has requested access to an object, but has not been granted those access rights. (0xc0000022)
[1103/224101.564:ERROR:process_reader_win.cc(151)] SuspendThread: Access is denied. (0x5)
[1103/224101.564:ERROR:process_reader_win.cc(151)] SuspendThread: Access is denied. (0x5)
[1103/224101.564:ERROR:process_reader_win.cc(151)] SuspendThread: Access is denied. (0x5)
[1103/224101.564:ERROR:process_reader_win.cc(151)] SuspendThread: Access is denied. (0x5)
[1103/224101.564:ERROR:process_reader_win.cc(151)] SuspendThread: Access is denied. (0x5)
[1103/224101.564:ERROR:process_reader_win.cc(123)] NtOpenThread: {Access Denied} A process has requested access to an object, but has not been granted those access rights. (0xc0000022)
[1103/224101.564:ERROR:exception_snapshot_win.cc(99)] thread ID 32064 not found in process
[1103/224101.564:ERROR:exception_snapshot_win.cc(99)] thread ID 24400 not found in process
[1103/224101.564:ERROR:process_reader_win.cc(151)] SuspendThread: Access is denied. (0x5)
[1103/224101.564:ERROR:process_reader_win.cc(151)] SuspendThread: Access is denied. (0x5)
[1103/224101.564:ERROR:process_reader_win.cc(151)] SuspendThread: Access is denied. (0x5)
[1103/224101.564:ERROR:process_reader_win.cc(151)] SuspendThread: Access is denied. (0x5)
[1103/224101.564:ERROR:process_reader_win.cc(151)] SuspendThread: Access is denied. (0x5)
[1103/224101.564:ERROR:process_reader_win.cc(151)] SuspendThread: Access is denied. (0x5)
[1103/224101.564:ERROR:process_reader_win.cc(151)] SuspendThread: Access is denied. (0x5)
[1103/224101.564:ERROR:process_reader_win.cc(151)] SuspendThread: Access is denied. (0x5)
[1103/224101.564:ERROR:process_reader_win.cc(151)] SuspendThread: Access is denied. (0x5)
[1103/224101.564:ERROR:process_reader_win.cc(151)] SuspendThread: Access is denied. (0x5)
[1103/224101.572:ERROR:process_reader_win.cc(151)] SuspendThread: Access is denied. (0x5)
[1103/224101.572:ERROR:process_reader_win.cc(151)] SuspendThread: Access is denied. (0x5)
[1103/224101.572:ERROR:process_reader_win.cc(151)] SuspendThread: Access is denied. (0x5)
[1103/224101.572:ERROR:process_reader_win.cc(123)] NtOpenThread: {Access Denied} A process has requested access to an object, but has not been granted those access rights. (0xc0000022)
[1103/224101.572:ERROR:exception_snapshot_win.cc(99)] thread ID 47028 not found in process
[1103/224101.572:ERROR:process_reader_win.cc(151)] SuspendThread: Access is denied. (0x5)
[1103/224101.572:ERROR:process_reader_win.cc(151)] SuspendThread: Access is denied. (0x5)
[1103/224101.572:ERROR:process_reader_win.cc(151)] SuspendThread: Access is denied. (0x5)
[1103/224101.572:ERROR:process_reader_win.cc(151)] SuspendThread: Access is denied. (0x5)
[1103/224101.572:ERROR:process_reader_win.cc(151)] SuspendThread: Access is denied. (0x5)
[1103/224101.572:ERROR:process_reader_win.cc(151)] SuspendThread: Access is denied. (0x5)
[1103/224101.572:ERROR:process_reader_win.cc(151)] SuspendThread: Access is denied. (0x5)
[1103/224101.572:ERROR:process_reader_win.cc(151)] SuspendThread: Access is denied. (0x5)
[1103/224101.572:ERROR:process_reader_win.cc(151)] SuspendThread: Access is denied. (0x5)
[1103/224101.572:ERROR:process_reader_win.cc(151)] SuspendThread: Access is denied. (0x5)
[1103/224101.572:ERROR:process_reader_win.cc(151)] SuspendThread: Access is denied. (0x5)
[1103/224101.572:ERROR:process_reader_win.cc(151)] SuspendThread: Access is denied. (0x5)
[1103/224101.572:ERROR:process_reader_win.cc(151)] SuspendThread: Access is denied. (0x5)
[1103/224101.572:ERROR:process_reader_win.cc(151)] SuspendThread: Access is denied. (0x5)
[1103/224101.572:ERROR:process_reader_win.cc(151)] SuspendThread: Access is denied. (0x5)
[1103/224101.572:ERROR:process_reader_win.cc(151)] SuspendThread: Access is denied. (0x5)
[1103/224101.572:ERROR:process_reader_win.cc(123)] NtOpenThread: {Access Denied} A process has requested access to an object, but has not been granted those access rights. (0xc0000022)
[1103/224101.572:ERROR:exception_snapshot_win.cc(99)] thread ID 34644 not found in process
[1103/224101.588:ERROR:process_reader_win.cc(151)] SuspendThread: Access is denied. (0x5)
[1103/224101.588:ERROR:process_reader_win.cc(151)] SuspendThread: Access is denied. (0x5)
[1103/224101.588:ERROR:process_reader_win.cc(151)] SuspendThread: Access is denied. (0x5)
[1103/224101.588:ERROR:process_reader_win.cc(151)] SuspendThread: Access is denied. (0x5)
[1103/224101.588:ERROR:process_reader_win.cc(151)] SuspendThread: Access is denied. (0x5)
[1103/224101.588:ERROR:process_reader_win.cc(151)] SuspendThread: Access is denied. (0x5)
[1103/224101.588:ERROR:process_reader_win.cc(151)] SuspendThread: Access is denied. (0x5)
[1103/224101.588:ERROR:process_reader_win.cc(151)] SuspendThread: Access is denied. (0x5)
[1103/224101.588:ERROR:process_reader_win.cc(151)] SuspendThread: Access is denied. (0x5)
[1103/224101.588:ERROR:process_reader_win.cc(151)] SuspendThread: Access is denied. (0x5)
[1103/224101.588:ERROR:process_reader_win.cc(151)] SuspendThread: Access is denied. (0x5)
[1103/224101.588:ERROR:process_reader_win.cc(151)] SuspendThread: Access is denied. (0x5)
[1103/224101.588:ERROR:process_reader_win.cc(151)] SuspendThread: Access is denied. (0x5)
[1103/224101.588:ERROR:process_reader_win.cc(151)] SuspendThread: Access is denied. (0x5)
[1103/224101.588:ERROR:process_reader_win.cc(123)] NtOpenThread: {Access Denied} A process has requested access to an object, but has not been granted those access rights. (0xc0000022)
[1103/224101.588:ERROR:exception_snapshot_win.cc(99)] thread ID 41592 not found in process
[1103/224101.620:ERROR:process_reader_win.cc(151)] SuspendThread: Access is denied. (0x5)
[1103/224101.620:ERROR:process_reader_win.cc(151)] SuspendThread: Access is denied. (0x5)
[1103/224101.620:ERROR:process_reader_win.cc(151)] SuspendThread: Access is denied. (0x5)
[1103/224101.620:ERROR:process_reader_win.cc(151)] SuspendThread: Access is denied. (0x5)
[1103/224101.620:ERROR:process_reader_win.cc(151)] SuspendThread: Access is denied. (0x5)
[1103/224101.620:ERROR:process_reader_win.cc(151)] SuspendThread: Access is denied. (0x5)
[1103/224101.620:ERROR:process_reader_win.cc(151)] SuspendThread: Access is denied. (0x5)
[1103/224101.620:ERROR:process_reader_win.cc(151)] SuspendThread: Access is denied. (0x5)
[1103/224101.620:ERROR:process_reader_win.cc(151)] SuspendThread: Access is denied. (0x5)
[1103/224101.620:ERROR:process_reader_win.cc(151)] SuspendThread: Access is denied. (0x5)
[1103/224101.620:ERROR:process_reader_win.cc(123)] NtOpenThread: {Access Denied} A process has requested access to an object, but has not been granted those access rights. (0xc0000022)
[1103/224101.620:ERROR:exception_snapshot_win.cc(99)] thread ID 12760 not found in process
[1103/224101.620:ERROR:process_reader_win.cc(151)] SuspendThread: Access is denied. (0x5)
[1103/224101.620:ERROR:process_reader_win.cc(151)] SuspendThread: Access is denied. (0x5)
[1103/224101.620:ERROR:process_reader_win.cc(151)] SuspendThread: Access is denied. (0x5)
[1103/224101.620:ERROR:process_reader_win.cc(151)] SuspendThread: Access is denied. (0x5)
[1103/224101.620:ERROR:process_reader_win.cc(151)] SuspendThread: Access is denied. (0x5)
[1103/224101.620:ERROR:process_reader_win.cc(151)] SuspendThread: Access is denied. (0x5)
[1103/224101.620:ERROR:process_reader_win.cc(151)] SuspendThread: Access is denied. (0x5)
[1103/224101.620:ERROR:process_reader_win.cc(151)] SuspendThread: Access is denied. (0x5)
[1103/224101.620:ERROR:process_reader_win.cc(123)] NtOpenThread: {Access Denied} A process has requested access to an object, but has not been granted those access rights. (0xc0000022)
[1103/224101.620:ERROR:exception_snapshot_win.cc(99)] thread ID 15876 not found in process
[1103/224101.676:ERROR:process_reader_win.cc(151)] SuspendThread: Access is denied. (0x5)
[1103/224101.676:ERROR:exception_snapshot_win.cc(99)] thread ID 37424 not found in process
[1107/100938.445:ERROR:directory_reader_win.cc(43)] FindFirstFile: The system cannot find the path specified. (0x3)
[1109/104108.375:ERROR:directory_reader_win.cc(43)] FindFirstFile: The system cannot find the path specified. (0x3)
[1112/164920.464:ERROR:directory_reader_win.cc(43)] FindFirstFile: The system cannot find the path specified. (0x3)
[1113/152849.512:ERROR:directory_reader_win.cc(43)] FindFirstFile: The system cannot find the path specified. (0x3)
[1114/164022.110:ERROR:directory_reader_win.cc(43)] FindFirstFile: The system cannot find the path specified. (0x3)
[1115/145759.038:ERROR:directory_reader_win.cc(43)] FindFirstFile: The system cannot find the path specified. (0x3)
[1115/182536.160:ERROR:directory_reader_win.cc(43)] FindFirstFile: The system cannot find the path specified. (0x3)
[1117/154021.266:ERROR:directory_reader_win.cc(43)] FindFirstFile: The system cannot find the path specified. (0x3)
[1119/112719.469:ERROR:directory_reader_win.cc(43)] FindFirstFile: The system cannot find the path specified. (0x3)
[1119/140531.827:ERROR:directory_reader_win.cc(43)] FindFirstFile: The system cannot find the path specified. (0x3)
[1120/175112.212:ERROR:directory_reader_win.cc(43)] FindFirstFile: The system cannot find the path specified. (0x3)
[1121/150439.989:ERROR:directory_reader_win.cc(43)] FindFirstFile: The system cannot find the path specified. (0x3)
[1121/180349.786:ERROR:directory_reader_win.cc(43)] FindFirstFile: The system cannot find the path specified. (0x3)
[1122/144843.579:ERROR:directory_reader_win.cc(43)] FindFirstFile: The system cannot find the path specified. (0x3)
[1124/150019.749:ERROR:directory_reader_win.cc(43)] FindFirstFile: The system cannot find the path specified. (0x3)
[1128/084616.170:ERROR:directory_reader_win.cc(43)] FindFirstFile: The system cannot find the path specified. (0x3)
[1128/165725.038:ERROR:directory_reader_win.cc(43)] FindFirstFile: The system cannot find the path specified. (0x3)
[1130/085623.239:ERROR:directory_reader_win.cc(43)] FindFirstFile: The system cannot find the path specified. (0x3)
[1208/220603.637:ERROR:directory_reader_win.cc(43)] FindFirstFile: The system cannot find the path specified. (0x3)
[1211/223544.166:ERROR:directory_reader_win.cc(43)] FindFirstFile: The system cannot find the path specified. (0x3)
[1213/141333.577:ERROR:directory_reader_win.cc(43)] FindFirstFile: The system cannot find the path specified. (0x3)
[1213/190225.011:ERROR:process_info.cc(329)] VirtualQueryEx: Access is denied. (0x5)
[1213/190225.011:ERROR:process_info.cc(556)] ReadMemoryInfo failed
[1213/190225.011:ERROR:process_memory_win.cc(39)] Failed to initialize ProcessInfo.
[1213/190225.011:ERROR:scoped_process_suspend.cc(40)] NtResumeProcess: An attempt was made to access an exiting process. (0xc000010a)
